ASxxxx Assembler V02.00 + NoICE + SDCC mods  (Intel 8051), page 1.
Hexadecimal [24-Bits]



                                      1 	.module program
                                      2 	.optsdcc -mmcs51 --model-large
                                      3 	
                                      4 	.globl _asmtest_PARM_3
                                      5 	.globl _asmtest_PARM_2
                                      6 	.globl _global_var_test
                                      7 	.globl _asmtest
                                      8 	.globl _asm_call	
                                      9 	.globl _i2c_init
                                     10 	.globl _i2c_stop
                                     11 	.globl _i2c_write_init
                                     12 	.globl _i2c_read_init
                                     13 	.globl _i2c_addr
                                     14 	.globl _i2c_write_val
                                     15 	.globl _i2c_read_val
                                     16 	
                                     17 	
                                     18 	.area	OSEG   
                                     19 
      000000                         20 _asmtest_PARM_2:
      000000                         21 	.ds 1
      000001                         22 _asmtest_PARM_3:
      000001                         23 	.ds 1
                                     24 
                                     25 	.area CSEG    
      000000                         26 _asmtest:
      000000 AF 82            [24]   27 	mov	r7,dpl	
      000002 90 00 00         [24]   28 	mov	dptr,#_asmtest_PARM_2
      000005 E0               [24]   29 	movx a, @dptr
      000006 FE               [12]   30 	mov r6, a
      000007 90 00 01         [24]   31 	mov dptr,#_asmtest_PARM_3
      00000A E0               [24]   32 	movx a,@dptr
      00000B 8E F0            [24]   33 	mov b,r6	
      00000D 84               [48]   34 	div	ab
      00000E EF               [12]   35 	mov	a,r7
      00000F A4               [48]   36 	mul	ab
      000010 F5 82            [12]   37 	mov	dpl,a	
      000012 90 00 00         [24]   38 	mov dptr,#_asmtest_PARM_2
      000015 F0               [24]   39 	movx @dptr,a
      000016 75 82 55         [24]   40 	mov dpl,#0x55
      000019 12 00 00         [24]   41 	lcall _asm_call	
      00001C 90 00 00         [24]   42 	mov dptr,#_asmtest_PARM_2
      00001F E0               [24]   43 	movx a,@dptr
      000020 F5 82            [12]   44 	mov dpl,a
      000022 22               [24]   45 	ret
                                     46 
                                     47 
      000023                         48 _i2c_init:
      000023 D2 90            [12]   49 	setb p1.0
      000025 D2 97            [12]   50 	setb p1.7
      000027 00               [12]   51 	nop
      000028 00               [12]   52 	nop
      000029 00               [12]   53 	nop
      00002A C2 97            [12]   54 	clr p1.7
      00002C 00               [12]   55 	nop
ASxxxx Assembler V02.00 + NoICE + SDCC mods  (Intel 8051), page 2.
Hexadecimal [24-Bits]



      00002D 00               [12]   56 	nop
      00002E 00               [12]   57 	nop
      00002F 22               [24]   58 	ret
                                     59 
      000030                         60 _i2c_write_init:
      000030 E5 82            [12]   61 	mov a,dpl
      000032 23               [12]   62 	rl a
      000033 44 A0            [12]   63 	orl a,#0xA0
      000035 7A 09            [12]   64 	mov r2,#9	
      000037 02 00 93         [24]   65 	ljmp devaddr
      00003A 22               [24]   66 	ret
                                     67 
      00003B                         68 _i2c_read_init:
      00003B E5 82            [12]   69 	mov a,dpl
      00003D 23               [12]   70 	rl a
      00003E 44 A1            [12]   71 	orl a,#0xA1
      000040 7A 09            [12]   72 	mov r2,#9	
      000042 02 00 93         [24]   73 	ljmp devaddr
      000045 22               [24]   74 	ret
                                     75 
      000046                         76 _i2c_read_val:
      000046 7A 09            [12]   77 	mov r2,#9
      000048 02 00 61         [24]   78 	ljmp readloop
      00004B C2 90            [12]   79 	clr p1.0
      00004D C2 97            [12]   80 	clr p1.7
      00004F 00               [12]   81 	nop
      000050 00               [12]   82 	nop
      000051 D2 90            [12]   83 	setb p1.0
      000053 00               [12]   84 	nop
      000054 00               [12]   85 	nop
      000055 00               [12]   86 	nop
      000056 00               [12]   87 	nop
      000057 C2 90            [12]   88 	clr p1.0
      000059 00               [12]   89 	nop
      00005A 00               [12]   90 	nop
      00005B 00               [12]   91 	nop
      00005C 00               [12]   92 	nop
      00005D 22               [24]   93 	ret
                                     94 
      00005E                         95 readloopc:
      00005E DA 01            [24]   96 	djnz r2, readloop
      000060 22               [24]   97 	ret
                                     98 
      000061                         99 readloop:
      000061 00               [12]  100 	nop
      000062 00               [12]  101 	nop
      000063 00               [12]  102 	nop
      000064 D2 90            [12]  103 	setb p1.0
      000066 00               [12]  104 	nop
      000067 00               [12]  105 	nop
      000068 00               [12]  106 	nop
      000069 00               [12]  107 	nop
      00006A 00               [12]  108 	nop
      00006B 00               [12]  109 	nop
      00006C 00               [12]  110 	nop
ASxxxx Assembler V02.00 + NoICE + SDCC mods  (Intel 8051), page 3.
Hexadecimal [24-Bits]



      00006D C2 90            [12]  111 	clr p1.0
      00006F 00               [12]  112 	nop
      000070 00               [12]  113 	nop
      000071 00               [12]  114 	nop
      000072 00               [12]  115 	nop
      000073 02 00 5E         [24]  116 	ljmp readloopc
                                    117 
      000076                        118 _i2c_addr:
      000076 E5 82            [12]  119 	mov a,dpl
      000078 7A 09            [12]  120 	mov r2,#9
      00007A 02 00 93         [24]  121 	ljmp devaddr
      00007D 22               [24]  122 	ret
                                    123 
      00007E                        124 _i2c_write_val:
      00007E E5 82            [12]  125 	mov a,dpl
      000080 7A 09            [12]  126 	mov r2,#9
      000082 02 00 93         [24]  127 	ljmp devaddr
      000085 22               [24]  128 	ret
                                    129 
      000086                        130 _i2c_stop:
      000086 C2 97            [12]  131 	clr p1.7
      000088 00               [12]  132 	nop
      000089 00               [12]  133 	nop
      00008A 00               [12]  134 	nop
      00008B D2 90            [12]  135 	setb p1.0
      00008D 00               [12]  136 	nop
      00008E 00               [12]  137 	nop
      00008F 00               [12]  138 	nop
      000090 D2 97            [12]  139 	setb p1.7
      000092 22               [24]  140 	ret
                                    141 
      000093                        142 devaddr:
      000093 C2 90            [12]  143 	clr p1.0
      000095 DA 1A            [24]  144 	djnz r2, bitloop
      000097 D2 97            [12]  145 	setb p1.7
      000099 00               [12]  146 	nop
      00009A 00               [12]  147 	nop
      00009B 00               [12]  148 	nop
      00009C 00               [12]  149 	nop
      00009D 00               [12]  150 	nop
      00009E 00               [12]  151 	nop
      00009F D2 90            [12]  152 	setb p1.0
      0000A1 00               [12]  153 	nop
      0000A2 00               [12]  154 	nop
      0000A3 00               [12]  155 	nop
      0000A4 00               [12]  156 	nop
      0000A5 C2 90            [12]  157 	clr p1.0
      0000A7 00               [12]  158 	nop
      0000A8 00               [12]  159 	nop
      0000A9 00               [12]  160 	nop
      0000AA 00               [12]  161 	nop
      0000AB 00               [12]  162 	nop
      0000AC 00               [12]  163 	nop
      0000AD 00               [12]  164 	nop
      0000AE 00               [12]  165 	nop
ASxxxx Assembler V02.00 + NoICE + SDCC mods  (Intel 8051), page 4.
Hexadecimal [24-Bits]



      0000AF 00               [12]  166 	nop
      0000B0 22               [24]  167 	ret
                                    168 
      0000B1                        169 bitloop:	
      0000B1 33               [12]  170 	rlc a
      0000B2 50 03            [24]  171 	jnc sendz
      0000B4 02 00 D0         [24]  172 	ljmp sendo
                                    173 
      0000B7                        174 sendz:
      0000B7 C2 97            [12]  175 	clr p1.7
      0000B9 00               [12]  176 	nop
      0000BA 00               [12]  177 	nop
      0000BB 00               [12]  178 	nop
      0000BC 00               [12]  179 	nop
      0000BD 00               [12]  180 	nop
      0000BE 00               [12]  181 	nop
      0000BF 00               [12]  182 	nop
      0000C0 D2 90            [12]  183 	setb p1.0
      0000C2 00               [12]  184 	nop	
      0000C3 00               [12]  185 	nop
      0000C4 00               [12]  186 	nop
      0000C5 00               [12]  187 	nop
      0000C6 00               [12]  188 	nop
      0000C7 00               [12]  189 	nop
      0000C8 00               [12]  190 	nop
      0000C9 00               [12]  191 	nop
      0000CA 00               [12]  192 	nop
      0000CB C2 90            [12]  193 	clr p1.0
      0000CD 02 00 93         [24]  194 	ljmp devaddr
                                    195 
      0000D0                        196 sendo:
      0000D0 D2 97            [12]  197 	setb p1.7
      0000D2 00               [12]  198 	nop
      0000D3 00               [12]  199 	nop
      0000D4 00               [12]  200 	nop
      0000D5 00               [12]  201 	nop
      0000D6 00               [12]  202 	nop
      0000D7 00               [12]  203 	nop
      0000D8 00               [12]  204 	nop
      0000D9 D2 90            [12]  205 	setb p1.0
      0000DB 00               [12]  206 	nop	
      0000DC 00               [12]  207 	nop
      0000DD 00               [12]  208 	nop
      0000DE 00               [12]  209 	nop
      0000DF 00               [12]  210 	nop
      0000E0 00               [12]  211 	nop
      0000E1 00               [12]  212 	nop
      0000E2 00               [12]  213 	nop
      0000E3 00               [12]  214 	nop
      0000E4 C2 90            [12]  215 	clr p1.0
      0000E6 02 00 93         [24]  216 	ljmp devaddr
                                    217 
                                    218 
ASxxxx Assembler V02.00 + NoICE + SDCC mods  (Intel 8051), page 5.
Hexadecimal [24-Bits]

Symbol Table

    .__.$$$.=  002710 L   |     .__.ABS.=  000000 G   |     .__.CPU.=  000000 L
    .__.H$L.=  000001 L   |     A       =  0000E0 L   |     A.0     =  0000E0 L
    A.1     =  0000E1 L   |     A.2     =  0000E2 L   |     A.3     =  0000E3 L
    A.4     =  0000E4 L   |     A.5     =  0000E5 L   |     A.6     =  0000E6 L
    A.7     =  0000E7 L   |     AC      =  0000D6 L   |     ACC     =  0000E0 L
    ACC.0   =  0000E0 L   |     ACC.1   =  0000E1 L   |     ACC.2   =  0000E2 L
    ACC.3   =  0000E3 L   |     ACC.4   =  0000E4 L   |     ACC.5   =  0000E5 L
    ACC.6   =  0000E6 L   |     ACC.7   =  0000E7 L   |     B       =  0000F0 L
    B.0     =  0000F0 L   |     B.1     =  0000F1 L   |     B.2     =  0000F2 L
    B.3     =  0000F3 L   |     B.4     =  0000F4 L   |     B.5     =  0000F5 L
    B.6     =  0000F6 L   |     B.7     =  0000F7 L   |     CPRL2   =  0000C8 L
    CT2     =  0000C9 L   |     CY      =  0000D7 L   |     DPH     =  000083 L
    DPL     =  000082 L   |     EA      =  0000AF L   |     ES      =  0000AC L
    ET0     =  0000A9 L   |     ET1     =  0000AB L   |     ET2     =  0000AD L
    EX0     =  0000A8 L   |     EX1     =  0000AA L   |     EXEN2   =  0000CB L
    EXF2    =  0000CE L   |     F0      =  0000D5 L   |     IE      =  0000A8 L
    IE.0    =  0000A8 L   |     IE.1    =  0000A9 L   |     IE.2    =  0000AA L
    IE.3    =  0000AB L   |     IE.4    =  0000AC L   |     IE.5    =  0000AD L
    IE.7    =  0000AF L   |     IE0     =  000089 L   |     IE1     =  00008B L
    INT0    =  0000B2 L   |     INT1    =  0000B3 L   |     IP      =  0000B8 L
    IP.0    =  0000B8 L   |     IP.1    =  0000B9 L   |     IP.2    =  0000BA L
    IP.3    =  0000BB L   |     IP.4    =  0000BC L   |     IP.5    =  0000BD L
    IT0     =  000088 L   |     IT1     =  00008A L   |     OV      =  0000D2 L
    P       =  0000D0 L   |     P0      =  000080 L   |     P0.0    =  000080 L
    P0.1    =  000081 L   |     P0.2    =  000082 L   |     P0.3    =  000083 L
    P0.4    =  000084 L   |     P0.5    =  000085 L   |     P0.6    =  000086 L
    P0.7    =  000087 L   |     P1      =  000090 L   |     P1.0    =  000090 L
    P1.1    =  000091 L   |     P1.2    =  000092 L   |     P1.3    =  000093 L
    P1.4    =  000094 L   |     P1.5    =  000095 L   |     P1.6    =  000096 L
    P1.7    =  000097 L   |     P2      =  0000A0 L   |     P2.0    =  0000A0 L
    P2.1    =  0000A1 L   |     P2.2    =  0000A2 L   |     P2.3    =  0000A3 L
    P2.4    =  0000A4 L   |     P2.5    =  0000A5 L   |     P2.6    =  0000A6 L
    P2.7    =  0000A7 L   |     P3      =  0000B0 L   |     P3.0    =  0000B0 L
    P3.1    =  0000B1 L   |     P3.2    =  0000B2 L   |     P3.3    =  0000B3 L
    P3.4    =  0000B4 L   |     P3.5    =  0000B5 L   |     P3.6    =  0000B6 L
    P3.7    =  0000B7 L   |     PCON    =  000087 L   |     PS      =  0000BC L
    PSW     =  0000D0 L   |     PSW.0   =  0000D0 L   |     PSW.1   =  0000D1 L
    PSW.2   =  0000D2 L   |     PSW.3   =  0000D3 L   |     PSW.4   =  0000D4 L
    PSW.5   =  0000D5 L   |     PSW.6   =  0000D6 L   |     PSW.7   =  0000D7 L
    PT0     =  0000B9 L   |     PT1     =  0000BB L   |     PT2     =  0000BD L
    PX0     =  0000B8 L   |     PX1     =  0000BA L   |     RB8     =  00009A L
    RCAP2H  =  0000CB L   |     RCAP2L  =  0000CA L   |     RCLK    =  0000CD L
    REN     =  00009C L   |     RI      =  000098 L   |     RS0     =  0000D3 L
    RS1     =  0000D4 L   |     RXD     =  0000B0 L   |     SBUF    =  000099 L
    SCON    =  000098 L   |     SCON.0  =  000098 L   |     SCON.1  =  000099 L
    SCON.2  =  00009A L   |     SCON.3  =  00009B L   |     SCON.4  =  00009C L
    SCON.5  =  00009D L   |     SCON.6  =  00009E L   |     SCON.7  =  00009F L
    SM0     =  00009F L   |     SM1     =  00009E L   |     SM2     =  00009D L
    SP      =  000081 L   |     T2CON   =  0000C8 L   |     T2CON.0 =  0000C8 L
    T2CON.1 =  0000C9 L   |     T2CON.2 =  0000CA L   |     T2CON.3 =  0000CB L
    T2CON.4 =  0000CC L   |     T2CON.5 =  0000CD L   |     T2CON.6 =  0000CE L
    T2CON.7 =  0000CF L   |     TB8     =  00009B L   |     TCLK    =  0000CC L
    TCON    =  000088 L   |     TCON.0  =  000088 L   |     TCON.1  =  000089 L
    TCON.2  =  00008A L   |     TCON.3  =  00008B L   |     TCON.4  =  00008C L
    TCON.5  =  00008D L   |     TCON.6  =  00008E L   |     TCON.7  =  00008F L
ASxxxx Assembler V02.00 + NoICE + SDCC mods  (Intel 8051), page 6.
Hexadecimal [24-Bits]

Symbol Table

    TF0     =  00008D L   |     TF1     =  00008F L   |     TF2     =  0000CF L
    TH0     =  00008C L   |     TH1     =  00008D L   |     TH2     =  0000CD L
    TI      =  000099 L   |     TL0     =  00008A L   |     TL1     =  00008B L
    TL2     =  0000CC L   |     TMOD    =  000089 L   |     TR0     =  00008C L
    TR1     =  00008E L   |     TR2     =  0000CA L   |     TXD     =  0000B1 L
    _asm_cal   ****** GX  |   2 _asmtest   000000 GR  |   1 _asmtest   000000 GR
  1 _asmtest   000001 GR  |     _global_   ****** GX  |   2 _i2c_add   000076 GR
  2 _i2c_ini   000023 GR  |   2 _i2c_rea   00003B GR  |   2 _i2c_rea   000046 GR
  2 _i2c_sto   000086 GR  |   2 _i2c_wri   000030 GR  |   2 _i2c_wri   00007E GR
    a       =  0000E0 L   |     a.0     =  0000E0 L   |     a.1     =  0000E1 L
    a.2     =  0000E2 L   |     a.3     =  0000E3 L   |     a.4     =  0000E4 L
    a.5     =  0000E5 L   |     a.6     =  0000E6 L   |     a.7     =  0000E7 L
    ac      =  0000D6 L   |     acc     =  0000E0 L   |     acc.0   =  0000E0 L
    acc.1   =  0000E1 L   |     acc.2   =  0000E2 L   |     acc.3   =  0000E3 L
    acc.4   =  0000E4 L   |     acc.5   =  0000E5 L   |     acc.6   =  0000E6 L
    acc.7   =  0000E7 L   |     b       =  0000F0 L   |     b.0     =  0000F0 L
    b.1     =  0000F1 L   |     b.2     =  0000F2 L   |     b.3     =  0000F3 L
    b.4     =  0000F4 L   |     b.5     =  0000F5 L   |     b.6     =  0000F6 L
    b.7     =  0000F7 L   |   2 bitloop    0000B1 R   |     cprl2   =  0000C8 L
    ct2     =  0000C9 L   |     cy      =  0000D7 L   |   2 devaddr    000093 R
    dph     =  000083 L   |     dpl     =  000082 L   |     ea      =  0000AF L
    es      =  0000AC L   |     et0     =  0000A9 L   |     et1     =  0000AB L
    et2     =  0000AD L   |     ex0     =  0000A8 L   |     ex1     =  0000AA L
    exen2   =  0000CB L   |     exf2    =  0000CE L   |     f0      =  0000D5 L
    ie      =  0000A8 L   |     ie.0    =  0000A8 L   |     ie.1    =  0000A9 L
    ie.2    =  0000AA L   |     ie.3    =  0000AB L   |     ie.4    =  0000AC L
    ie.5    =  0000AD L   |     ie.7    =  0000AF L   |     ie0     =  000089 L
    ie1     =  00008B L   |     int0    =  0000B2 L   |     int1    =  0000B3 L
    ip      =  0000B8 L   |     ip.0    =  0000B8 L   |     ip.1    =  0000B9 L
    ip.2    =  0000BA L   |     ip.3    =  0000BB L   |     ip.4    =  0000BC L
    ip.5    =  0000BD L   |     it0     =  000088 L   |     it1     =  00008A L
    ov      =  0000D2 L   |     p       =  0000D0 L   |     p0      =  000080 L
    p0.0    =  000080 L   |     p0.1    =  000081 L   |     p0.2    =  000082 L
    p0.3    =  000083 L   |     p0.4    =  000084 L   |     p0.5    =  000085 L
    p0.6    =  000086 L   |     p0.7    =  000087 L   |     p1      =  000090 L
    p1.0    =  000090 L   |     p1.1    =  000091 L   |     p1.2    =  000092 L
    p1.3    =  000093 L   |     p1.4    =  000094 L   |     p1.5    =  000095 L
    p1.6    =  000096 L   |     p1.7    =  000097 L   |     p2      =  0000A0 L
    p2.0    =  0000A0 L   |     p2.1    =  0000A1 L   |     p2.2    =  0000A2 L
    p2.3    =  0000A3 L   |     p2.4    =  0000A4 L   |     p2.5    =  0000A5 L
    p2.6    =  0000A6 L   |     p2.7    =  0000A7 L   |     p3      =  0000B0 L
    p3.0    =  0000B0 L   |     p3.1    =  0000B1 L   |     p3.2    =  0000B2 L
    p3.3    =  0000B3 L   |     p3.4    =  0000B4 L   |     p3.5    =  0000B5 L
    p3.6    =  0000B6 L   |     p3.7    =  0000B7 L   |     pcon    =  000087 L
    ps      =  0000BC L   |     psw     =  0000D0 L   |     psw.0   =  0000D0 L
    psw.1   =  0000D1 L   |     psw.2   =  0000D2 L   |     psw.3   =  0000D3 L
    psw.4   =  0000D4 L   |     psw.5   =  0000D5 L   |     psw.6   =  0000D6 L
    psw.7   =  0000D7 L   |     pt0     =  0000B9 L   |     pt1     =  0000BB L
    pt2     =  0000BD L   |     px0     =  0000B8 L   |     px1     =  0000BA L
    rb8     =  00009A L   |     rcap2h  =  0000CB L   |     rcap2l  =  0000CA L
    rclk    =  0000CD L   |   2 readloop   000061 R   |   2 readloop   00005E R
    ren     =  00009C L   |     ri      =  000098 L   |     rs0     =  0000D3 L
    rs1     =  0000D4 L   |     rxd     =  0000B0 L   |     sbuf    =  000099 L
    scon    =  000098 L   |     scon.0  =  000098 L   |     scon.1  =  000099 L
    scon.2  =  00009A L   |     scon.3  =  00009B L   |     scon.4  =  00009C L
ASxxxx Assembler V02.00 + NoICE + SDCC mods  (Intel 8051), page 7.
Hexadecimal [24-Bits]

Symbol Table

    scon.5  =  00009D L   |     scon.6  =  00009E L   |     scon.7  =  00009F L
  2 sendo      0000D0 R   |   2 sendz      0000B7 R   |     sm0     =  00009F L
    sm1     =  00009E L   |     sm2     =  00009D L   |     sp      =  000081 L
    t2con   =  0000C8 L   |     t2con.0 =  0000C8 L   |     t2con.1 =  0000C9 L
    t2con.2 =  0000CA L   |     t2con.3 =  0000CB L   |     t2con.4 =  0000CC L
    t2con.5 =  0000CD L   |     t2con.6 =  0000CE L   |     t2con.7 =  0000CF L
    tb8     =  00009B L   |     tclk    =  0000CC L   |     tcon    =  000088 L
    tcon.0  =  000088 L   |     tcon.1  =  000089 L   |     tcon.2  =  00008A L
    tcon.3  =  00008B L   |     tcon.4  =  00008C L   |     tcon.5  =  00008D L
    tcon.6  =  00008E L   |     tcon.7  =  00008F L   |     tf0     =  00008D L
    tf1     =  00008F L   |     tf2     =  0000CF L   |     th0     =  00008C L
    th1     =  00008D L   |     th2     =  0000CD L   |     ti      =  000099 L
    tl0     =  00008A L   |     tl1     =  00008B L   |     tl2     =  0000CC L
    tmod    =  000089 L   |     tr0     =  00008C L   |     tr1     =  00008E L
    tr2     =  0000CA L   |     txd     =  0000B1 L

ASxxxx Assembler V02.00 + NoICE + SDCC mods  (Intel 8051), page 8.
Hexadecimal [24-Bits]

Area Table

   0 _CODE      size      0   flags    0
   1 OSEG       size      2   flags    0
   2 CSEG       size     E9   flags    0

